<?xml version="1.0" encoding="UTF-8"?>
<testsuite xmlns:xsi="http://www.w3.org/2001/XMLSchema-instance" xsi:noNamespaceSchemaLocation="https://maven.apache.org/surefire/maven-surefire-plugin/xsd/surefire-test-report-3.0.xsd" version="3.0" name="AirportTest" time="0.74" tests="5" errors="0" skipped="0" failures="0">
  <properties>
    <property name="java.specification.version" value="20"/>
    <property name="sun.cpu.isalist" value="amd64"/>
    <property name="sun.jnu.encoding" value="Cp1251"/>
    <property name="java.class.path" value="D:\Univer\TPO\Lab8\AirCompanyJava\target\test-classes;D:\Univer\TPO\Lab8\AirCompanyJava\target\classes;C:\Users\Alexandr\.m2\repository\org\testng\testng\7.0.0-beta1\testng-7.0.0-beta1.jar;C:\Users\Alexandr\.m2\repository\com\beust\jcommander\1.72\jcommander-1.72.jar;"/>
    <property name="java.vm.vendor" value="Oracle Corporation"/>
    <property name="sun.arch.data.model" value="64"/>
    <property name="user.variant" value=""/>
    <property name="java.vendor.url" value="https://java.oracle.com/"/>
    <property name="user.timezone" value="Europe/Minsk"/>
    <property name="os.name" value="Windows 10"/>
    <property name="java.vm.specification.version" value="20"/>
    <property name="sun.java.launcher" value="SUN_STANDARD"/>
    <property name="user.country" value="RU"/>
    <property name="sun.boot.library.path" value="C:\Program Files\Java\jdk-20\bin"/>
    <property name="sun.java.command" value="C:\Temp\surefire512469896831105512\surefirebooter-20231114094243979_3.jar C:\Temp\surefire512469896831105512 2023-11-14T09-42-43_750-jvmRun1 surefire-20231114094243979_1tmp surefire_0-20231114094243979_2tmp"/>
    <property name="jdk.debug" value="release"/>
    <property name="surefire.test.class.path" value="D:\Univer\TPO\Lab8\AirCompanyJava\target\test-classes;D:\Univer\TPO\Lab8\AirCompanyJava\target\classes;C:\Users\Alexandr\.m2\repository\org\testng\testng\7.0.0-beta1\testng-7.0.0-beta1.jar;C:\Users\Alexandr\.m2\repository\com\beust\jcommander\1.72\jcommander-1.72.jar;"/>
    <property name="sun.cpu.endian" value="little"/>
    <property name="user.home" value="C:\Users\Alexandr"/>
    <property name="user.language" value="ru"/>
    <property name="java.specification.vendor" value="Oracle Corporation"/>
    <property name="java.version.date" value="2023-07-18"/>
    <property name="java.home" value="C:\Program Files\Java\jdk-20"/>
    <property name="file.separator" value="\"/>
    <property name="basedir" value="D:\Univer\TPO\Lab8\AirCompanyJava"/>
    <property name="java.vm.compressedOopsMode" value="Zero based"/>
    <property name="line.separator" value="&#10;"/>
    <property name="java.vm.specification.vendor" value="Oracle Corporation"/>
    <property name="java.specification.name" value="Java Platform API Specification"/>
    <property name="surefire.real.class.path" value="C:\Temp\surefire512469896831105512\surefirebooter-20231114094243979_3.jar"/>
    <property name="user.script" value=""/>
    <property name="sun.management.compiler" value="HotSpot 64-Bit Tiered Compilers"/>
    <property name="java.runtime.version" value="20.0.2+9-78"/>
    <property name="user.name" value="Alexandr"/>
    <property name="stdout.encoding" value="Cp1251"/>
    <property name="path.separator" value=";"/>
    <property name="os.version" value="10.0"/>
    <property name="java.runtime.name" value="Java(TM) SE Runtime Environment"/>
    <property name="file.encoding" value="UTF-8"/>
    <property name="java.vm.name" value="Java HotSpot(TM) 64-Bit Server VM"/>
    <property name="localRepository" value="C:\Users\Alexandr\.m2\repository"/>
    <property name="java.vendor.url.bug" value="https://bugreport.java.com/bugreport/"/>
    <property name="java.io.tmpdir" value="C:\Temp\"/>
    <property name="java.version" value="20.0.2"/>
    <property name="user.dir" value="D:\Univer\TPO\Lab8\AirCompanyJava"/>
    <property name="os.arch" value="amd64"/>
    <property name="java.vm.specification.name" value="Java Virtual Machine Specification"/>
    <property name="sun.os.patch.level" value=""/>
    <property name="native.encoding" value="Cp1251"/>
    <property name="java.library.path" value="C:\Program Files\Java\jdk-20\bin;C:\Windows\Sun\Java\bin;C:\Windows\system32;C:\Windows;C:\Program Files\Common Files\Oracle\Java\javapath;C:\Program Files (x86)\Common Files\Oracle\Java\javapath;C:\Windows\system32;C:\Windows;C:\Windows\System32\Wbem;C:\Windows\System32\WindowsPowerShell\v1.0\;C:\Program Files\NVIDIA Corporation\NVIDIA NvDLISR;C:\Program Files (x86)\NVIDIA Corporation\PhysX\Common;C:\Program Files\apache-maven-3.9.4\bin;C:\Program Files\Java\jdk-20\bin;C:\Program Files\Microsoft SQL Server\150\Tools\Binn\;C:\Program Files\Microsoft SQL Server\Client SDK\ODBC\170\Tools\Binn\;C:\Program Files (x86)\Windows Kits\10\Windows Performance Toolkit\;C:\Program Files\nodejs\;C:\Program Files\Git\cmd;C:\Program Files\dotnet\;C:\Program Files\Docker\Docker\resources\bin;C:\Gradle\gradle-8.4-bin\gradle-8.4\bin;C:\Users\Alexandr\AppData\Local\Microsoft\WindowsApps;C:\Users\Alexandr\AppData\Roaming\npm;C:\Program Files\JetBrains\WebStorm 2023.2.1\bin;;C:\Users\Alexandr\.dotnet\tools;C:\Gradle\gradle-8.4-bin\gradle-8.4\bin;;."/>
    <property name="java.vm.info" value="mixed mode, sharing"/>
    <property name="stderr.encoding" value="Cp1251"/>
    <property name="java.vendor" value="Oracle Corporation"/>
    <property name="java.vm.version" value="20.0.2+9-78"/>
    <property name="sun.io.unicode.encoding" value="UnicodeLittle"/>
    <property name="java.class.version" value="64.0"/>
  </properties>
  <testcase name="Airport_CheckSort_SortByMaxLoadCapacity" classname="AirportTest" time="0.007"/>
  <testcase name="Airport_GetBomberMilitaryPlanes" classname="AirportTest" time="0.0"/>
  <testcase name="Airport_GetExperimentalPlanes_NotContainsUnclassifiedLevel" classname="AirportTest" time="0.0"/>
  <testcase name="Airport_GetPassengerPlaneWithMaxCapacity" classname="AirportTest" time="0.0"/>
  <testcase name="Airport_GetTransportMilitaryPlanes" classname="AirportTest" time="0.003"/>
</testsuite>